This is pdfTeX, Version 3.141592653-2.6-1.40.24 (TeX Live 2022) (preloaded format=pdflatex 2022.7.1)  20 AUG 2022 01:43
entering extended mode
 restricted \write18 enabled.
 %&-line parsing enabled.
**access.tex
(./access.tex
LaTeX2e <2021-11-15> patch level 1
L3 programming layer <2022-02-24> (./ieeeaccess.cls (./IEEEtran.cls
Document Class: IEEEtran 2015/08/26 V1.8b by Michael Shell
-- See the "IEEEtran_HOWTO" manual for usage information.
-- http://www.michaelshell.org/tex/ieeetran/
\@IEEEtrantmpdimenA=\dimen138
\@IEEEtrantmpdimenB=\dimen139
\@IEEEtrantmpdimenC=\dimen140
\@IEEEtrantmpcountA=\count185
\@IEEEtrantmpcountB=\count186
\@IEEEtrantmpcountC=\count187
\@IEEEtrantmptoksA=\toks16
LaTeX Font Info:    Trying to load font information for OT1+ptm on input line 5
03.
(c:/texlive/2022/texmf-dist/tex/latex/psnfss/ot1ptm.fd
File: ot1ptm.fd 2001/06/04 font definitions for OT1/ptm.
)
-- Using 8.5in x 11in (letter) paper.
-- Using PDF output.
\@IEEEnormalsizeunitybaselineskip=\dimen141
-- This is a 10 point document.
\CLASSINFOnormalsizebaselineskip=\dimen142
\CLASSINFOnormalsizeunitybaselineskip=\dimen143
\IEEEnormaljot=\dimen144
LaTeX Font Info:    Font shape `OT1/ptm/bx/n' in size <5> not available
(Font)              Font shape `OT1/ptm/b/n' tried instead on input line 1090.
LaTeX Font Info:    Font shape `OT1/ptm/bx/it' in size <5> not available
(Font)              Font shape `OT1/ptm/b/it' tried instead on input line 1090.

LaTeX Font Info:    Font shape `OT1/ptm/bx/n' in size <7> not available
(Font)              Font shape `OT1/ptm/b/n' tried instead on input line 1090.
LaTeX Font Info:    Font shape `OT1/ptm/bx/it' in size <7> not available
(Font)              Font shape `OT1/ptm/b/it' tried instead on input line 1090.

LaTeX Font Info:    Font shape `OT1/ptm/bx/n' in size <8> not available
(Font)              Font shape `OT1/ptm/b/n' tried instead on input line 1090.
LaTeX Font Info:    Font shape `OT1/ptm/bx/it' in size <8> not available
(Font)              Font shape `OT1/ptm/b/it' tried instead on input line 1090.

LaTeX Font Info:    Font shape `OT1/ptm/bx/n' in size <9> not available
(Font)              Font shape `OT1/ptm/b/n' tried instead on input line 1090.
LaTeX Font Info:    Font shape `OT1/ptm/bx/it' in size <9> not available
(Font)              Font shape `OT1/ptm/b/it' tried instead on input line 1090.

LaTeX Font Info:    Font shape `OT1/ptm/bx/n' in size <10> not available
(Font)              Font shape `OT1/ptm/b/n' tried instead on input line 1090.
LaTeX Font Info:    Font shape `OT1/ptm/bx/it' in size <10> not available
(Font)              Font shape `OT1/ptm/b/it' tried instead on input line 1090.

LaTeX Font Info:    Font shape `OT1/ptm/bx/n' in size <11> not available
(Font)              Font shape `OT1/ptm/b/n' tried instead on input line 1090.
LaTeX Font Info:    Font shape `OT1/ptm/bx/it' in size <11> not available
(Font)              Font shape `OT1/ptm/b/it' tried instead on input line 1090.

LaTeX Font Info:    Font shape `OT1/ptm/bx/n' in size <12> not available
(Font)              Font shape `OT1/ptm/b/n' tried instead on input line 1090.
LaTeX Font Info:    Font shape `OT1/ptm/bx/it' in size <12> not available
(Font)              Font shape `OT1/ptm/b/it' tried instead on input line 1090.

LaTeX Font Info:    Font shape `OT1/ptm/bx/n' in size <17> not available
(Font)              Font shape `OT1/ptm/b/n' tried instead on input line 1090.
LaTeX Font Info:    Font shape `OT1/ptm/bx/it' in size <17> not available
(Font)              Font shape `OT1/ptm/b/it' tried instead on input line 1090.

LaTeX Font Info:    Font shape `OT1/ptm/bx/n' in size <20> not available
(Font)              Font shape `OT1/ptm/b/n' tried instead on input line 1090.
LaTeX Font Info:    Font shape `OT1/ptm/bx/it' in size <20> not available
(Font)              Font shape `OT1/ptm/b/it' tried instead on input line 1090.

LaTeX Font Info:    Font shape `OT1/ptm/bx/n' in size <24> not available
(Font)              Font shape `OT1/ptm/b/n' tried instead on input line 1090.
LaTeX Font Info:    Font shape `OT1/ptm/bx/it' in size <24> not available
(Font)              Font shape `OT1/ptm/b/it' tried instead on input line 1090.

\IEEEquantizedlength=\dimen145
\IEEEquantizedlengthdiff=\dimen146
\IEEEquantizedtextheightdiff=\dimen147
\IEEEilabelindentA=\dimen148
\IEEEilabelindentB=\dimen149
\IEEEilabelindent=\dimen150
\IEEEelabelindent=\dimen151
\IEEEdlabelindent=\dimen152
\IEEElabelindent=\dimen153
\IEEEiednormlabelsep=\dimen154
\IEEEiedmathlabelsep=\dimen155
\IEEEiedtopsep=\skip47
\c@section=\count188
\c@subsection=\count189
\c@subsubsection=\count190
\c@paragraph=\count191
\c@IEEEsubequation=\count192
\abovecaptionskip=\skip48
\belowcaptionskip=\skip49
\c@figure=\count193
\c@table=\count194
\@IEEEeqnnumcols=\count195
\@IEEEeqncolcnt=\count196
\@IEEEsubeqnnumrollback=\count197
\@IEEEquantizeheightA=\dimen156
\@IEEEquantizeheightB=\dimen157
\@IEEEquantizeheightC=\dimen158
\@IEEEquantizeprevdepth=\dimen159
\@IEEEquantizemultiple=\count198
\@IEEEquantizeboxA=\box50
\@IEEEtmpitemindent=\dimen160
\IEEEPARstartletwidth=\dimen161
\c@IEEEbiography=\count199
\@IEEEtranrubishbin=\box51
) (c:/texlive/2022/texmf-dist/tex/generic/iftex/ifpdf.sty
Package: ifpdf 2019/10/25 v3.4 ifpdf legacy package. Use iftex instead.

(c:/texlive/2022/texmf-dist/tex/generic/iftex/iftex.sty
Package: iftex 2022/02/03 v1.0f TeX engine tests
))
(c:/texlive/2022/texmf-dist/tex/latex/xkeyval/xkeyval.sty
Package: xkeyval 2020/11/20 v2.8 package option processing (HA)

(c:/texlive/2022/texmf-dist/tex/generic/xkeyval/xkeyval.tex
(c:/texlive/2022/texmf-dist/tex/generic/xkeyval/xkvutils.tex
\XKV@toks=\toks17
\XKV@tempa@toks=\toks18

(c:/texlive/2022/texmf-dist/tex/generic/xkeyval/keyval.tex))
\XKV@depth=\count266
File: xkeyval.tex 2014/12/03 v2.7a key=value parser (HA)
)){c:/texlive/2022/texmf-var/fonts/map/pdftex/updmap/pdftex.map}

pdfTeX warning: pdflatex.exe (file t1-times.map): cannot open font map file


pdfTeX warning: pdflatex.exe (file t1-formata.map): cannot open font map file


pdfTeX warning: pdflatex.exe (file t1-giovannistd.map): cannot open font map fi
le
\@draftversionrule=\dimen162
(c:/texlive/2022/texmf-dist/tex/latex/graphics/color.sty
Package: color 2021/12/07 v1.3c Standard LaTeX Color (DPC)

(c:/texlive/2022/texmf-dist/tex/latex/graphics-cfg/color.cfg
File: color.cfg 2016/01/02 v1.6 sample color configuration
)
Package color Info: Driver file: pdftex.def on input line 149.

(c:/texlive/2022/texmf-dist/tex/latex/graphics-def/pdftex.def
File: pdftex.def 2020/10/05 v1.2a Graphics/color driver for pdftex
))
(./spotcolor.sty
Package: spotcolor 2006/11/15 v1.2 Package for adding Spot Color support to pdf
LaTeX.
 (c:/texlive/2022/texmf-dist/tex/latex/graphics/graphics.sty
Package: graphics 2021/03/04 v1.4d Standard LaTeX Graphics (DPC,SPQR)

(c:/texlive/2022/texmf-dist/tex/latex/graphics/trig.sty
Package: trig 2021/08/11 v1.11 sin cos tan (DPC)
)
(c:/texlive/2022/texmf-dist/tex/latex/graphics-cfg/graphics.cfg
File: graphics.cfg 2016/06/04 v1.11 sample graphics configuration
)
Package graphics Info: Driver file: pdftex.def on input line 107.
)
\thecolorprofile=\count267
\thecolor=\count268
)
\PANTONE=\toks19
Package color Info: Redefining color black on input line 135.
\figbox=\box52
\titlewidth=\skip50
\abstractwidth=\skip51
\c@addrCtr=\count269
\abstractbox=\box53
\indexbox=\box54
\absht=\dimen163
\kwdht=\dimen164
\@tempcntc=\count270
\titlepgskip=\skip52
\maketitlebox=\box55
)
(c:/texlive/2022/texmf-dist/tex/latex/cite/cite.sty
LaTeX Info: Redefining \cite on input line 302.
LaTeX Info: Redefining \nocite on input line 332.
Package: cite 2015/02/27  v 5.5
)
(c:/texlive/2022/texmf-dist/tex/latex/amsmath/amsmath.sty
Package: amsmath 2021/10/15 v2.17l AMS math features
\@mathmargin=\skip53

For additional information on amsmath, use the `?' option.
(c:/texlive/2022/texmf-dist/tex/latex/amsmath/amstext.sty
Package: amstext 2021/08/26 v2.01 AMS text

(c:/texlive/2022/texmf-dist/tex/latex/amsmath/amsgen.sty
File: amsgen.sty 1999/11/30 v2.0 generic functions
\@emptytoks=\toks20
\ex@=\dimen165
))
(c:/texlive/2022/texmf-dist/tex/latex/amsmath/amsbsy.sty
Package: amsbsy 1999/11/29 v1.2d Bold Symbols
\pmbraise@=\dimen166
)
(c:/texlive/2022/texmf-dist/tex/latex/amsmath/amsopn.sty
Package: amsopn 2021/08/26 v2.02 operator names
)
\inf@bad=\count271
LaTeX Info: Redefining \frac on input line 234.
\uproot@=\count272
\leftroot@=\count273
LaTeX Info: Redefining \overline on input line 399.
\classnum@=\count274
\DOTSCASE@=\count275
LaTeX Info: Redefining \ldots on input line 496.
LaTeX Info: Redefining \dots on input line 499.
LaTeX Info: Redefining \cdots on input line 620.
\Mathstrutbox@=\box56
\strutbox@=\box57
\big@size=\dimen167
LaTeX Font Info:    Redeclaring font encoding OML on input line 743.
LaTeX Font Info:    Redeclaring font encoding OMS on input line 744.
\macc@depth=\count276
\c@MaxMatrixCols=\count277
\dotsspace@=\muskip16
\c@parentequation=\count278
\dspbrk@lvl=\count279
\tag@help=\toks21
\row@=\count280
\column@=\count281
\maxfields@=\count282
\andhelp@=\toks22
\eqnshift@=\dimen168
\alignsep@=\dimen169
\tagshift@=\dimen170
\tagwidth@=\dimen171
\totwidth@=\dimen172
\lineht@=\dimen173
\@envbody=\toks23
\multlinegap=\skip54
\multlinetaggap=\skip55
\mathdisplay@stack=\toks24
LaTeX Info: Redefining \[ on input line 2938.
LaTeX Info: Redefining \] on input line 2939.
)
(c:/texlive/2022/texmf-dist/tex/latex/amsfonts/amssymb.sty
Package: amssymb 2013/01/14 v3.01 AMS font symbols

(c:/texlive/2022/texmf-dist/tex/latex/amsfonts/amsfonts.sty
Package: amsfonts 2013/01/14 v3.01 Basic AMSFonts support
\symAMSa=\mathgroup4
\symAMSb=\mathgroup5
LaTeX Font Info:    Redeclaring math symbol \hbar on input line 98.
LaTeX Font Info:    Overwriting math alphabet `\mathfrak' in version `bold'
(Font)                  U/euf/m/n --> U/euf/b/n on input line 106.
))
(c:/texlive/2022/texmf-dist/tex/latex/algorithms/algorithmic.sty
Package: algorithmic 2009/08/24 v0.1 Document Style `algorithmic'

(c:/texlive/2022/texmf-dist/tex/latex/base/ifthen.sty
Package: ifthen 2020/11/24 v1.1c Standard LaTeX ifthen package (DPC)
)
\c@ALC@unique=\count283
\c@ALC@line=\count284
\c@ALC@rem=\count285
\c@ALC@depth=\count286
\ALC@tlm=\skip56
\algorithmicindent=\skip57
)
(c:/texlive/2022/texmf-dist/tex/latex/graphics/graphicx.sty
Package: graphicx 2021/09/16 v1.2d Enhanced LaTeX Graphics (DPC,SPQR)
\Gin@req@height=\dimen174
\Gin@req@width=\dimen175
)
(c:/texlive/2022/texmf-dist/tex/latex/base/textcomp.sty
Package: textcomp 2020/02/02 v2.0n Standard LaTeX package
)
(c:/texlive/2022/texmf-dist/tex/latex/l3backend/l3backend-pdftex.def
File: l3backend-pdftex.def 2022-02-07 L3 backend support: PDF output (pdfTeX)
\l__color_backend_stack_int=\count287
\l__pdf_internal_box=\box58
)
(./access.aux)
\openout1 = `access.aux'.

LaTeX Font Info:    Checking defaults for OML/cmm/m/it on input line 9.
LaTeX Font Info:    ... okay on input line 9.
LaTeX Font Info:    Checking defaults for OMS/cmsy/m/n on input line 9.
LaTeX Font Info:    ... okay on input line 9.
LaTeX Font Info:    Checking defaults for OT1/cmr/m/n on input line 9.
LaTeX Font Info:    ... okay on input line 9.
LaTeX Font Info:    Checking defaults for T1/cmr/m/n on input line 9.
LaTeX Font Info:    ... okay on input line 9.
LaTeX Font Info:    Checking defaults for TS1/cmr/m/n on input line 9.
LaTeX Font Info:    ... okay on input line 9.
LaTeX Font Info:    Checking defaults for OMX/cmex/m/n on input line 9.
LaTeX Font Info:    ... okay on input line 9.
LaTeX Font Info:    Checking defaults for U/cmr/m/n on input line 9.
LaTeX Font Info:    ... okay on input line 9.

-- Lines per column: 56 (exact).
LaTeX Font Info:    Trying to load font information for T1+ptm on input line 9.

(c:/texlive/2022/texmf-dist/tex/latex/psnfss/t1ptm.fd
File: t1ptm.fd 2001/06/04 font definitions for T1/ptm.
)

LaTeX Font Warning: Font shape `T1/ptm/n/n' undefined
(Font)              using `T1/ptm/m/n' instead on input line 9.

(c:/texlive/2022/texmf-dist/tex/context/base/mkii/supp-pdf.mkii
[Loading MPS to PDF converter (version 2006.09.02).]
\scratchcounter=\count288
\scratchdimen=\dimen176
\scratchbox=\box59
\nofMPsegments=\count289
\nofMParguments=\count290
\everyMPshowfont=\toks25
\MPscratchCnt=\count291
\MPscratchDim=\dimen177
\MPnumerator=\count292
\makeMPintoPDFobject=\count293
\everyMPtoPDFconversion=\toks26
) (c:/texlive/2022/texmf-dist/tex/latex/epstopdf-pkg/epstopdf-base.sty
Package: epstopdf-base 2020-01-24 v2.11 Base part for package epstopdf
Package epstopdf-base Info: Redefining graphics rule for `.eps' on input line 4
85.

(c:/texlive/2022/texmf-dist/tex/latex/latexconfig/epstopdf-sys.cfg
File: epstopdf-sys.cfg 2010/07/13 v1.3 Configuration of (r)epstopdf for TeX Liv
e
))
<bullet.png, id=3, 12.045pt x 35.38219pt>
File: bullet.png Graphic file (type png)
<use bullet.png>
Package pdftex.def Info: bullet.png  used on input line 36.
(pdftex.def)             Requested size: 5.0pt x 14.6871pt.
LaTeX Font Info:    Trying to load font information for T1+phv on input line 36
.

(c:/texlive/2022/texmf-dist/tex/latex/psnfss/t1phv.fd
File: t1phv.fd 2020/03/25 scalable font definitions for T1/phv.
)

LaTeX Font Warning: Font shape `T1/phv/n/n' undefined
(Font)              using `T1/phv/m/n' instead on input line 36.

LaTeX Font Info:    Trying to load font information for U+msa on input line 39.

(c:/texlive/2022/texmf-dist/tex/latex/amsfonts/umsa.fd
File: umsa.fd 2013/01/14 v3.01 AMS symbols A
)
LaTeX Font Info:    Trying to load font information for U+msb on input line 39.


(c:/texlive/2022/texmf-dist/tex/latex/amsfonts/umsb.fd
File: umsb.fd 2013/01/14 v3.01 AMS symbols B
)
File: bullet.png Graphic file (type png)
<use bullet.png>
Package pdftex.def Info: bullet.png  used on input line 59.
(pdftex.def)             Requested size: 5.0pt x 14.6871pt.

Underfull \hbox (badness 7685) in paragraph at lines 59--64
[]\T1/phv/b/n/10 INDEX TERMS[]  \T1/ptm/n/n/10 En-ter key words or phrases in a
l-pha-bet-i-cal or-der, sep-a-rated by com-
 []


Underfull \hbox (badness 4001) in paragraph at lines 59--64
\T1/ptm/n/n/10 mas. For a list of sug-gested key-words, send a blank e-mail to 
key-words@ieee.org or visit
 []

<notaglinelogo.png, id=4, 169.38281pt x 42.91031pt>
File: notaglinelogo.png Graphic file (type png)
<use notaglinelogo.png>
Package pdftex.def Info: notaglinelogo.png  used on input line 68.
(pdftex.def)             Requested size: 91.32pt x 23.1352pt.

Overfull \hbox (505.12177pt too wide) has occurred while \output is active
[]
 []


Overfull \hbox (505.12177pt too wide) has occurred while \output is active
[]
 []


Underfull \hbox (badness 10000) has occurred while \output is active
[]
 []

[1


 <./notaglinelogo.png>]
LaTeX Font Info:    Calculating math sizes for size <9.9> on input line 68.
LaTeX Font Info:    Calculating math sizes for size <6.6> on input line 68.

Overfull \hbox (9.2679pt too wide) in paragraph at lines 68--68
[]  
 []


Overfull \hbox (9.2679pt too wide) in paragraph at lines 68--68
[]  
 []


Overfull \hbox (4.55284pt too wide) in paragraph at lines 72--80
\T1/ptm/n/n/10 site at $[]$
 []


Underfull \hbox (badness 10000) in paragraph at lines 72--80
[]$
 []


Underfull \hbox (badness 2173) in paragraph at lines 72--80
\T1/ptm/n/n/10 If you would pre-fer to use La-TeX, down-load IEEE's
 []


Underfull \hbox (badness 5787) in paragraph at lines 72--80
\T1/ptm/n/n/10 La-TeX style and sam-ple files from the same Web
 []


Underfull \hbox (badness 2134) in paragraph at lines 72--80
\T1/ptm/n/n/10 page. You can also ex-plore us-ing the Over-leaf ed-i-tor
 []


Underfull \hbox (badness 1817) in paragraph at lines 72--80
\T1/ptm/n/n/10 at $[]$
 []


Underfull \hbox (badness 10000) in paragraph at lines 72--80
[]$
 []


Underfull \vbox (badness 5756) has occurred while \output is active []


Underfull \hbox (badness 1448) in paragraph at lines 97--102
\T1/ptm/n/n/10 mod-i-fiers: ``zero-field-cooled mag-ne-ti-za-tion.'' Avoid dan-

 []

<logo.png, id=13, 206.27063pt x 53.44969pt>
File: logo.png Graphic file (type png)
<use logo.png>
Package pdftex.def Info: logo.png  used on input line 110.
(pdftex.def)             Requested size: 91.32pt x 23.66309pt.

Overfull \hbox (505.12177pt too wide) has occurred while \output is active
[][]
 []


Overfull \hbox (505.12177pt too wide) has occurred while \output is active
[]
 []


Overfull \hbox (505.12177pt too wide) has occurred while \output is active
[]
 []


Underfull \hbox (badness 10000) has occurred while \output is active
[]
 []

[2

 <./logo.png> <./bullet.png>]
LaTeX Font Info:    Trying to load font information for T1+pcr on input line 14
4.

(c:/texlive/2022/texmf-dist/tex/latex/psnfss/t1pcr.fd
File: t1pcr.fd 2001/06/04 font definitions for T1/pcr.
)
LaTeX Font Info:    Trying to load font information for TS1+ptm on input line 1
84.

(c:/texlive/2022/texmf-dist/tex/latex/psnfss/ts1ptm.fd
File: ts1ptm.fd 2001/06/04 font definitions for TS1/ptm.
)

LaTeX Font Warning: Font shape `TS1/ptm/n/n' undefined
(Font)              using `TS1/ptm/m/n' instead
(Font)              for symbol `textonehalf' on input line 184.

<fig1.png, id=21, 249.3315pt x 189.22694pt>
File: fig1.png Graphic file (type png)
<use fig1.png>
Package pdftex.def Info: fig1.png  used on input line 214.
(pdftex.def)             Requested size: 249.33087pt x 189.22647pt.
File: fig1.png Graphic file (type png)
<use fig1.png>
Package pdftex.def Info: fig1.png  used on input line 214.
(pdftex.def)             Requested size: 249.33087pt x 189.22647pt.
File: notaglinelogo.png Graphic file (type png)
<use notaglinelogo.png>
Package pdftex.def Info: notaglinelogo.png  used on input line 222.
(pdftex.def)             Requested size: 91.32pt x 23.1352pt.

Overfull \hbox (505.12177pt too wide) has occurred while \output is active
[]
 []


Overfull \hbox (505.12177pt too wide) has occurred while \output is active
[]
 []


Underfull \hbox (badness 10000) has occurred while \output is active
[]
 []

[3]
Overfull \hbox (11.37274pt too wide) in paragraph at lines 229--230
[]\T1/ptm/n/n/10 A gen-eral IEEE styleguide is avail-able at $[]$
 []


Underfull \hbox (badness 4765) in paragraph at lines 285--286
[]\T1/ptm/m/n/8 1 erg/(G$\OMS/cmsy/m/n/8 ^^A$\T1/ptm/m/n/8 g) $\OT1/cmr/m/n/8 =
$ \T1/ptm/m/n/8 1 emu/g $\OMS/cmsy/m/n/8 !$ \T1/ptm/m/n/8 1
 []


Overfull \hbox (14.32645pt too wide) in paragraph at lines 259--319
[][]
 []

File: notaglinelogo.png Graphic file (type png)
<use notaglinelogo.png>
Package pdftex.def Info: notaglinelogo.png  used on input line 335.
(pdftex.def)             Requested size: 91.32pt x 23.1352pt.

Overfull \hbox (505.12177pt too wide) has occurred while \output is active
[]
 []


Overfull \hbox (505.12177pt too wide) has occurred while \output is active
[]
 []


Underfull \hbox (badness 10000) has occurred while \output is active
[]
 []

[4 <./fig1.png (PNG copy)>]
Underfull \hbox (badness 2020) in paragraph at lines 337--344
\T1/ptm/n/n/10 Most charts, graphs, and ta-bles are one col-umn wide
 []


Underfull \hbox (badness 1946) in paragraph at lines 374--379
\T1/ptm/n/n/10 color space. Grayscale im-ages should be sub-mit-ted in
 []

File: notaglinelogo.png Graphic file (type png)
<use notaglinelogo.png>
Package pdftex.def Info: notaglinelogo.png  used on input line 436.
(pdftex.def)             Requested size: 91.32pt x 23.1352pt.

Overfull \hbox (505.12177pt too wide) has occurred while \output is active
[]
 []


Overfull \hbox (505.12177pt too wide) has occurred while \output is active
[]
 []


Underfull \hbox (badness 10000) has occurred while \output is active
[]
 []

[5]
Underfull \hbox (badness 2799) in paragraph at lines 442--453
\T1/ptm/n/n/10 The IEEE Graph-ics An-a-lyzer en-ables au-thors to pre-
 []


Underfull \vbox (badness 5741) has occurred while \output is active []

File: notaglinelogo.png Graphic file (type png)
<use notaglinelogo.png>
Package pdftex.def Info: notaglinelogo.png  used on input line 540.
(pdftex.def)             Requested size: 91.32pt x 23.1352pt.

Overfull \hbox (505.12177pt too wide) has occurred while \output is active
[]
 []


Overfull \hbox (505.12177pt too wide) has occurred while \output is active
[]
 []


Underfull \hbox (badness 10000) has occurred while \output is active
[]
 []

[6]
LaTeX Font Info:    Trying to load font information for TS1+phv on input line 5
58.
 (c:/texlive/2022/texmf-dist/tex/latex/psnfss/ts1phv.fd
File: ts1phv.fd 2020/03/25 scalable font definitions for TS1/phv.
)
Underfull \hbox (badness 4779) in paragraph at lines 559--567
\T1/ptm/n/n/10 Contributions to the Trans-ac-tions, Jour-nals, and Let-
 []


Underfull \hbox (badness 4940) in paragraph at lines 559--567
\T1/ptm/n/n/10 ters may be sub-mit-ted elec-tron-i-cally on IEEE's on-
 []


Underfull \hbox (badness 10000) in paragraph at lines 559--567
\T1/ptm/n/n/10 line manuscript sub-mis-sion and peer-review sys-tem,
 []


Underfull \hbox (badness 4886) in paragraph at lines 559--567
\T1/ptm/n/n/10 Schol-arOne\TS1/ptm/n/n/10 ® \T1/ptm/n/n/10 Manuscripts. You can
 get a list-ing of
 []


Underfull \hbox (badness 10000) in paragraph at lines 559--567
\T1/ptm/n/n/10 the pub-li-ca-tions that par-tic-i-pate in Schol-arOne at
 []


Underfull \hbox (badness 10000) in paragraph at lines 559--567
[]$
 []


Underfull \hbox (badness 7397) in paragraph at lines 607--614
\T1/ptm/n/n/10 Authors must sub-mit an elec-tronic IEEE Copy-right
 []


Underfull \hbox (badness 10000) in paragraph at lines 607--614
\T1/ptm/n/n/10 Form (eCF) upon sub-mit-ting their fi-nal manuscript
 []


Underfull \hbox (badness 4242) in paragraph at lines 607--614
\T1/ptm/n/n/10 files. You can ac-cess the eCF sys-tem through your
 []


Underfull \hbox (badness 3872) in paragraph at lines 607--614
\T1/ptm/n/n/10 manuscript sub-mis-sion sys-tem or through the Au-thor
 []


Underfull \hbox (badness 3189) in paragraph at lines 607--614
\T1/ptm/n/n/10 Gate-way. You are re-spon-si-ble for ob-tain-ing any nec-
 []


Underfull \hbox (badness 3189) in paragraph at lines 607--614
\T1/ptm/n/n/10 es-sary ap-provals and/or se-cu-rity clear-ances. For ad-di-
 []


Underfull \hbox (badness 3492) in paragraph at lines 607--614
\T1/ptm/n/n/10 at $[]$
 []

File: notaglinelogo.png Graphic file (type png)
<use notaglinelogo.png>
Package pdftex.def Info: notaglinelogo.png  used on input line 637.
(pdftex.def)             Requested size: 91.32pt x 23.1352pt.

Overfull \hbox (505.12177pt too wide) has occurred while \output is active
[]
 []


Overfull \hbox (505.12177pt too wide) has occurred while \output is active
[]
 []


Underfull \hbox (badness 10000) has occurred while \output is active
[]
 []

[7]
Underfull \hbox (badness 2617) in paragraph at lines 681--684
\T1/ptm/n/n/10 J. K. Au-thor, ``Name of pa-per,'' \T1/ptm/m/it/10 Ab-brev. Ti-t
le of
 []


Underfull \hbox (badness 5077) in paragraph at lines 681--684
\T1/ptm/m/it/10 Pe-ri-od-i-cal\T1/ptm/n/n/10 , vol. $\OML/cmm/m/it/10 x$\T1/ptm
/n/n/10 , no. $\OML/cmm/m/it/10 x$\T1/ptm/n/n/10 , pp. \T1/ptm/m/it/10 xxx--xxx
\T1/ptm/n/n/10 , Ab-brev.
 []


Underfull \hbox (badness 1394) in paragraph at lines 685--688
\T1/ptm/n/n/10 J.K. Au-thor. (year, month). Ti-tle. pre-sented at ab-
 []


Underfull \hbox (badness 4266) in paragraph at lines 713--715
[]\T1/ptm/m/it/10 Basic for-mat for the-ses (M.S.) and dis-ser-ta-tions
 []


Underfull \vbox (badness 10000) has occurred while \output is active []

File: notaglinelogo.png Graphic file (type png)
<use notaglinelogo.png>
Package pdftex.def Info: notaglinelogo.png  used on input line 716.
(pdftex.def)             Requested size: 91.32pt x 23.1352pt.

Overfull \hbox (505.12177pt too wide) has occurred while \output is active
[]
 []


Overfull \hbox (505.12177pt too wide) has occurred while \output is active
[]
 []


Underfull \hbox (badness 10000) has occurred while \output is active
[]
 []

[8]
Underfull \hbox (badness 1406) in paragraph at lines 722--723
[]\T1/ptm/n/n/10 J. K. Au-thor, pri-vate com-mu-ni-ca-tion, Ab-brev.
 []

LaTeX Font Info:    Calculating math sizes for size <7.61> on input line 745.

Underfull \hbox (badness 3229) in paragraph at lines 747--748
[]\T1/ptm/m/n/7.61 W.-K. Chen, \T1/ptm/m/it/7.61 Lin-ear Net-works and Sys-tems
. \T1/ptm/m/n/7.61 Bel-mont, CA, USA:
 []


Underfull \hbox (badness 2181) in paragraph at lines 763--768
[]\T1/ptm/m/n/7.61 G. O. Young, ``Syn-thetic struc-ture of in-dus-trial plas-ti
cs,'' in Plas-
 []


Underfull \hbox (badness 10000) in paragraph at lines 773--776
\T1/ptm/m/n/7.61 Avail-able: $[]$.
 []


Underfull \hbox (badness 10000) in paragraph at lines 788--792
[]\T1/ptm/m/n/7.61 PROCESS Cor-po-ra-tion, Boston, MA, USA. In-tranets: In-ter-
net
 []


Underfull \hbox (badness 10000) in paragraph at lines 788--792
\T1/ptm/m/n/7.61 Pre-sented at INET96 An-nual Meet-ing. [On-line]. Avail-able:
 []


Underfull \hbox (badness 10000) in paragraph at lines 795--798
[]\T1/ptm/m/n/7.61 Teralyzer. Lytera UG, Kirch-hain, Ger-many [On-line]. Avail-
able:
 []


Underfull \hbox (badness 10000) in paragraph at lines 795--798
[]$\T1/ptm/m/n/7.61 ,
 []

<a1.png, id=54, 72.27pt x 90.3375pt>
File: a1.png Graphic file (type png)
<use a1.png>
Package pdftex.def Info: a1.png  used on input line 831.
(pdftex.def)             Requested size: 72.2709pt x 90.33864pt.
File: a1.png Graphic file (type png)
<use a1.png>
Package pdftex.def Info: a1.png  used on input line 831.
(pdftex.def)             Requested size: 72.2709pt x 90.33864pt.
File: notaglinelogo.png Graphic file (type png)
<use notaglinelogo.png>
Package pdftex.def Info: notaglinelogo.png  used on input line 855.
(pdftex.def)             Requested size: 91.32pt x 23.1352pt.

Overfull \hbox (505.12177pt too wide) has occurred while \output is active
[]
 []


Overfull \hbox (505.12177pt too wide) has occurred while \output is active
[]
 []


Underfull \hbox (badness 10000) has occurred while \output is active
[]
 []

[9]
<a2.png, id=60, 72.27pt x 90.3375pt>
File: a2.png Graphic file (type png)
<use a2.png>
Package pdftex.def Info: a2.png  used on input line 857.
(pdftex.def)             Requested size: 72.2709pt x 90.33864pt.
File: a2.png Graphic file (type png)
<use a2.png>
Package pdftex.def Info: a2.png  used on input line 857.
(pdftex.def)             Requested size: 72.2709pt x 90.33864pt.

Underfull \hbox (badness 2189) in paragraph at lines 857--875
\T1/ptm/n/n/8 lottesville, in 2001 and the Ph.D. de-gree in
 []

<a3.png, id=63, 72.27pt x 90.3375pt>
File: a3.png Graphic file (type png)
<use a3.png>
Package pdftex.def Info: a3.png  used on input line 877.
(pdftex.def)             Requested size: 72.2709pt x 90.33864pt.
File: a3.png Graphic file (type png)
<use a3.png>
Package pdftex.def Info: a3.png  used on input line 877.
(pdftex.def)             Requested size: 72.2709pt x 90.33864pt.
File: bullet.png Graphic file (type png)
<use bullet.png>
Package pdftex.def Info: bullet.png  used on input line 896.
(pdftex.def)             Requested size: 5.0pt x 14.6871pt.
File: notaglinelogo.png Graphic file (type png)
<use notaglinelogo.png>
Package pdftex.def Info: notaglinelogo.png  used on input line 898.
(pdftex.def)             Requested size: 91.32pt x 23.1352pt.

Overfull \hbox (505.12177pt too wide) has occurred while \output is active
[]
 []


Overfull \hbox (505.12177pt too wide) has occurred while \output is active
[]
 []


Underfull \hbox (badness 10000) has occurred while \output is active
[]
 []

[10 <./a1.png> <./a2.png> <./a3.png>] (./access.aux)

LaTeX Font Warning: Some font shapes were not available, defaults substituted.

 ) 
Here is how much of TeX's memory you used:
 4624 strings out of 478268
 71833 string characters out of 5850346
 385830 words of memory out of 5000000
 22720 multiletter control sequences out of 15000+600000
 592338 words of font info for 186 fonts, out of 8000000 for 9000
 1141 hyphenation exceptions out of 8191
 70i,13n,76p,316b,512s stack positions out of 10000i,1000n,20000p,200000b,200000s
{c:/texlive/2022/texmf-dist/fonts/enc/dvips/base/8r.enc}<c:/texlive/2022/texm
f-dist/fonts/type1/public/amsfonts/cm/cmmi10.pfb><c:/texlive/2022/texmf-dist/fo
nts/type1/public/amsfonts/cm/cmmi6.pfb><c:/texlive/2022/texmf-dist/fonts/type1/
public/amsfonts/cm/cmmi7.pfb><c:/texlive/2022/texmf-dist/fonts/type1/public/ams
fonts/cm/cmmi8.pfb><c:/texlive/2022/texmf-dist/fonts/type1/public/amsfonts/cm/c
mr10.pfb><c:/texlive/2022/texmf-dist/fonts/type1/public/amsfonts/cm/cmr6.pfb><c
:/texlive/2022/texmf-dist/fonts/type1/public/amsfonts/cm/cmr7.pfb><c:/texlive/2
022/texmf-dist/fonts/type1/public/amsfonts/cm/cmr8.pfb><c:/texlive/2022/texmf-d
ist/fonts/type1/public/amsfonts/cm/cmsy10.pfb><c:/texlive/2022/texmf-dist/fonts
/type1/public/amsfonts/cm/cmsy6.pfb><c:/texlive/2022/texmf-dist/fonts/type1/pub
lic/amsfonts/cm/cmsy7.pfb><c:/texlive/2022/texmf-dist/fonts/type1/public/amsfon
ts/cm/cmsy8.pfb><c:/texlive/2022/texmf-dist/fonts/type1/urw/courier/ucrr8a.pfb>
<c:/texlive/2022/texmf-dist/fonts/type1/urw/helvetic/uhvb8a.pfb><c:/texlive/202
2/texmf-dist/fonts/type1/urw/helvetic/uhvbo8a.pfb><c:/texlive/2022/texmf-dist/f
onts/type1/urw/helvetic/uhvr8a.pfb><c:/texlive/2022/texmf-dist/fonts/type1/urw/
helvetic/uhvro8a.pfb><c:/texlive/2022/texmf-dist/fonts/type1/urw/times/utmb8a.p
fb><c:/texlive/2022/texmf-dist/fonts/type1/urw/times/utmr8a.pfb><c:/texlive/202
2/texmf-dist/fonts/type1/urw/times/utmri8a.pfb>
Output written on access.pdf (10 pages, 505447 bytes).
PDF statistics:
 156 PDF objects out of 1000 (max. 8388607)
 90 compressed objects within 1 object stream
 0 named destinations out of 1000 (max. 500000)
 80 words of extra memory for PDF output out of 10000 (max. 10000000)

